<?xml version="1.0" encoding="UTF-8"?>
<!-- Generated by org.testng.reporters.JUnitReportReporter -->
<testsuite hostname="skalva-mn1.linkedin.biz" failures="0" tests="2" name="testCases.Test2" time="0.000" errors="0" timestamp="13 Jun 2022 06:51:27 GMT" skipped="0">
  <testcase classname="testCases.Test2" name="test_search" time="0.000"/>
  <testcase classname="testCases.Test2" name="test_advSearch" time="0.000"/>
</testsuite> <!-- testCases.Test2 -->
