<?xml version="1.0" encoding="UTF-8"?>
<!-- Generated by org.testng.reporters.JUnitReportReporter -->
<testsuite hostname="skalva-mn1.linkedin.biz" failures="0" tests="2" name="testCases.Test1" time="0.003" errors="0" timestamp="13 Jun 2022 06:51:27 GMT" skipped="0">
  <testcase classname="testCases.Test1" name="test_login" time="0.003"/>
  <testcase classname="testCases.Test1" name="test_logout" time="0.000"/>
</testsuite> <!-- testCases.Test1 -->
